<?xml version="1.0" encoding="UTF-8"?>
<!-- Generated by org.testng.reporters.JUnitReportReporter -->
<testsuite skipped="0" hostname="DEVMODE-PC" name="TestOne" tests="2" failures="0" timestamp="12 Sep 2020 03:01:47 GMT" time="0.008" errors="0">
  <testcase name="test1" time="0.000" classname="TestOne"/>
  <testcase name="test" time="0.008" classname="TestOne"/>
</testsuite> <!-- TestOne -->
