<?xml version="1.0" encoding="UTF-8"?>
<!-- Generated by org.testng.reporters.JUnitReportReporter -->
<testsuite skipped="0" hostname="DEVMODE-PC" name="Test" tests="1" failures="0" timestamp="12 Sep 2020 03:01:20 GMT" time="0.013" errors="0">
  <testcase name="testOne" time="0.013" classname="Test"/>
</testsuite> <!-- Test -->
